# JRE version: OpenJDK Runtime Environment Microsoft-8035246 (17.0.8+7) (build 17.0.8+7-LTS)
# Java VM: OpenJDK 64-Bit Server VM Microsoft-8035246 (17.0.8+7-LTS, mixed mode, sharing, tiered, compressed oops, compressed class ptrs, g1 gc, windows-amd64)
GC Precious Log:
 CPUs: 12 total, 12 available
 Memory: 7502M
 Large Page Support: Disabled
 NUMA Support: Disabled
 Compressed Oops: Enabled (32-bit)
 Heap Region Size: 1M
 Heap Min Capacity: 8M
 Heap Initial Capacity: 118M
 Heap Max Capacity: 2G
 Pre-touch: Disabled
 Parallel Workers: 10
 Concurrent Workers: 3
 Concurrent Refinement Workers: 10
 Periodic GC: Disabled
Heap:
 garbage-first heap   total 214016K, used 181360K [0x0000000080000000, 0x0000000100000000)
  region size 1024K, 25 young (25600K), 2 survivors (2048K)
 Metaspace       used 101967K, committed 102976K, reserved 557056K
  class space    used 14162K, committed 14656K, reserved 425984K
GC Heap History (20 events):
Event: 69.360 GC heap before
{Heap before GC invocations=50 (full 0):
 garbage-first heap   total 214016K, used 171840K [0x0000000080000000, 0x0000000100000000)
  region size 1024K, 56 young (57344K), 9 survivors (9216K)
 Metaspace       used 90626K, committed 91520K, reserved 557056K
  class space    used 12688K, committed 13120K, reserved 425984K
}
Event: 69.376 GC heap after
{Heap after GC invocations=51 (full 0):
 garbage-first heap   total 214016K, used 134007K [0x0000000080000000, 0x0000000100000000)
  region size 1024K, 7 young (7168K), 7 survivors (7168K)
 Metaspace       used 90626K, committed 91520K, reserved 557056K
  class space    used 12688K, committed 13120K, reserved 425984K
}
Event: 70.511 GC heap before
{Heap before GC invocations=51 (full 0):
 garbage-first heap   total 214016K, used 171895K [0x0000000080000000, 0x0000000100000000)
  region size 1024K, 44 young (45056K), 7 survivors (7168K)
 Metaspace       used 93480K, committed 94400K, reserved 557056K
  class space    used 13139K, committed 13568K, reserved 425984K
}
Event: 70.522 GC heap after
{Heap after GC invocations=52 (full 0):
 garbage-first heap   total 214016K, used 136936K [0x0000000080000000, 0x0000000100000000)
  region size 1024K, 3 young (3072K), 3 survivors (3072K)
 Metaspace       used 93480K, committed 94400K, reserved 557056K
  class space    used 13139K, committed 13568K, reserved 425984K
}
Event: 72.011 GC heap before
{Heap before GC invocations=52 (full 0):
 garbage-first heap   total 214016K, used 173800K [0x0000000080000000, 0x0000000100000000)
  region size 1024K, 39 young (39936K), 3 survivors (3072K)
 Metaspace       used 96286K, committed 97216K, reserved 557056K
  class space    used 13485K, committed 13952K, reserved 425984K
}
Event: 72.021 GC heap after
{Heap after GC invocations=53 (full 0):
 garbage-first heap   total 214016K, used 139662K [0x0000000080000000, 0x0000000100000000)
  region size 1024K, 5 young (5120K), 5 survivors (5120K)
 Metaspace       used 96286K, committed 97216K, reserved 557056K
  class space    used 13485K, committed 13952K, reserved 425984K
}
Event: 72.971 GC heap before
{Heap before GC invocations=53 (full 0):
 garbage-first heap   total 214016K, used 176526K [0x0000000080000000, 0x0000000100000000)
  region size 1024K, 41 young (41984K), 5 survivors (5120K)
 Metaspace       used 97928K, committed 99008K, reserved 557056K
  class space    used 13682K, committed 14208K, reserved 425984K
}
Event: 72.983 GC heap after
{Heap after GC invocations=54 (full 0):
 garbage-first heap   total 214016K, used 142892K [0x0000000080000000, 0x0000000100000000)
  region size 1024K, 4 young (4096K), 4 survivors (4096K)
 Metaspace       used 97928K, committed 99008K, reserved 557056K
  class space    used 13682K, committed 14208K, reserved 425984K
}
Event: 73.964 GC heap before
{Heap before GC invocations=54 (full 0):
 garbage-first heap   total 214016K, used 177708K [0x0000000080000000, 0x0000000100000000)
  region size 1024K, 38 young (38912K), 4 survivors (4096K)
 Metaspace       used 98419K, committed 99392K, reserved 557056K
  class space    used 13727K, committed 14208K, reserved 425984K
}
Event: 73.974 GC heap after
{Heap after GC invocations=55 (full 0):
 garbage-first heap   total 214016K, used 146668K [0x0000000080000000, 0x0000000100000000)
  region size 1024K, 4 young (4096K), 4 survivors (4096K)
 Metaspace       used 98419K, committed 99392K, reserved 557056K
  class space    used 13727K, committed 14208K, reserved 425984K
}
Event: 74.759 GC heap before
{Heap before GC invocations=55 (full 0):
 garbage-first heap   total 214016K, used 183532K [0x0000000080000000, 0x0000000100000000)
  region size 1024K, 36 young (36864K), 4 survivors (4096K)
 Metaspace       used 100129K, committed 101120K, reserved 557056K
  class space    used 13827K, committed 14336K, reserved 425984K
}
Event: 74.770 GC heap after
{Heap after GC invocations=56 (full 0):
 garbage-first heap   total 214016K, used 151362K [0x0000000080000000, 0x0000000100000000)
  region size 1024K, 5 young (5120K), 5 survivors (5120K)
 Metaspace       used 100129K, committed 101120K, reserved 557056K
  class space    used 13827K, committed 14336K, reserved 425984K
}
Event: 75.691 GC heap before
{Heap before GC invocations=56 (full 0):
 garbage-first heap   total 214016K, used 179010K [0x0000000080000000, 0x0000000100000000)
  region size 1024K, 33 young (33792K), 5 survivors (5120K)
 Metaspace       used 101160K, committed 102208K, reserved 557056K
  class space    used 14063K, committed 14592K, reserved 425984K
}
Event: 75.699 GC heap after
{Heap after GC invocations=57 (full 0):
 garbage-first heap   total 214016K, used 153549K [0x0000000080000000, 0x0000000100000000)
  region size 1024K, 3 young (3072K), 3 survivors (3072K)
 Metaspace       used 101160K, committed 102208K, reserved 557056K
  class space    used 14063K, committed 14592K, reserved 425984K
}
Event: 76.447 GC heap before
{Heap before GC invocations=57 (full 0):
 garbage-first heap   total 214016K, used 180173K [0x0000000080000000, 0x0000000100000000)
  region size 1024K, 30 young (30720K), 3 survivors (3072K)
 Metaspace       used 101374K, committed 102400K, reserved 557056K
  class space    used 14069K, committed 14592K, reserved 425984K
}
Event: 76.452 GC heap after
{Heap after GC invocations=58 (full 0):
 garbage-first heap   total 214016K, used 153768K [0x0000000080000000, 0x0000000100000000)
  region size 1024K, 3 young (3072K), 3 survivors (3072K)
 Metaspace       used 101374K, committed 102400K, reserved 557056K
  class space    used 14069K, committed 14592K, reserved 425984K
}
Event: 77.149 GC heap before
{Heap before GC invocations=58 (full 0):
 garbage-first heap   total 214016K, used 182440K [0x0000000080000000, 0x0000000100000000)
  region size 1024K, 32 young (32768K), 3 survivors (3072K)
 Metaspace       used 101952K, committed 102976K, reserved 557056K
  class space    used 14162K, committed 14656K, reserved 425984K
}
Event: 77.158 GC heap after
{Heap after GC invocations=59 (full 0):
 garbage-first heap   total 214016K, used 158040K [0x0000000080000000, 0x0000000100000000)
  region size 1024K, 4 young (4096K), 4 survivors (4096K)
 Metaspace       used 101952K, committed 102976K, reserved 557056K
  class space    used 14162K, committed 14656K, reserved 425984K
}
Event: 77.540 GC heap before
{Heap before GC invocations=59 (full 0):
 garbage-first heap   total 214016K, used 181592K [0x0000000080000000, 0x0000000100000000)
  region size 1024K, 28 young (28672K), 4 survivors (4096K)
 Metaspace       used 101966K, committed 102976K, reserved 557056K
  class space    used 14162K, committed 14656K, reserved 425984K
}
Event: 77.548 GC heap after
{Heap after GC invocations=60 (full 0):
 garbage-first heap   total 214016K, used 159856K [0x0000000080000000, 0x0000000100000000)
  region size 1024K, 2 young (2048K), 2 survivors (2048K)
 Metaspace       used 101966K, committed 102976K, reserved 557056K
  class space    used 14162K, committed 14656K, reserved 425984K
}

